WARNING - 2023-09-04 02:44:27 --> [DEPRECATED] Creation of dynamic property App\Controllers\DrinkController::$KategoriModel is deprecated in APPPATH\Controllers\DrinkController.php on line 17.
 1 SYSTEMPATH\CodeIgniter.php(904): App\Controllers\DrinkController->__construct()
 2 SYSTEMPATH\CodeIgniter.php(488): CodeIgniter\CodeIgniter->createController()
 3 SYSTEMPATH\CodeIgniter.php(366): CodeIgniter\CodeIgniter->handleRequest(null, Object(Config\Cache), false)
 4 FCPATH\index.php(67): CodeIgniter\CodeIgniter->run()
WARNING - 2023-09-04 02:44:31 --> [DEPRECATED] Creation of dynamic property App\Controllers\DrinkController::$KategoriModel is deprecated in APPPATH\Controllers\DrinkController.php on line 17.
 1 SYSTEMPATH\CodeIgniter.php(904): App\Controllers\DrinkController->__construct()
 2 SYSTEMPATH\CodeIgniter.php(488): CodeIgniter\CodeIgniter->createController()
 3 SYSTEMPATH\CodeIgniter.php(366): CodeIgniter\CodeIgniter->handleRequest(null, Object(Config\Cache), false)
 4 FCPATH\index.php(67): CodeIgniter\CodeIgniter->run()
WARNING - 2023-09-04 02:46:41 --> [DEPRECATED] Creation of dynamic property App\Controllers\DrinkController::$KategoriModel is deprecated in APPPATH\Controllers\DrinkController.php on line 17.
 1 SYSTEMPATH\CodeIgniter.php(904): App\Controllers\DrinkController->__construct()
 2 SYSTEMPATH\CodeIgniter.php(488): CodeIgniter\CodeIgniter->createController()
 3 SYSTEMPATH\CodeIgniter.php(366): CodeIgniter\CodeIgniter->handleRequest(null, Object(Config\Cache), false)
 4 FCPATH\index.php(67): CodeIgniter\CodeIgniter->run()
WARNING - 2023-09-04 03:17:38 --> [DEPRECATED] Creation of dynamic property App\Controllers\DrinkController::$KategoriModel is deprecated in APPPATH\Controllers\DrinkController.php on line 17.
 1 SYSTEMPATH\CodeIgniter.php(904): App\Controllers\DrinkController->__construct()
 2 SYSTEMPATH\CodeIgniter.php(488): CodeIgniter\CodeIgniter->createController()
 3 SYSTEMPATH\CodeIgniter.php(366): CodeIgniter\CodeIgniter->handleRequest(null, Object(Config\Cache), false)
 4 FCPATH\index.php(67): CodeIgniter\CodeIgniter->run()
WARNING - 2023-09-04 08:12:58 --> [DEPRECATED] Creation of dynamic property App\Controllers\DrinkController::$KategoriModel is deprecated in APPPATH\Controllers\DrinkController.php on line 17.
 1 SYSTEMPATH\CodeIgniter.php(904): App\Controllers\DrinkController->__construct()
 2 SYSTEMPATH\CodeIgniter.php(488): CodeIgniter\CodeIgniter->createController()
 3 SYSTEMPATH\CodeIgniter.php(366): CodeIgniter\CodeIgniter->handleRequest(null, Object(Config\Cache), false)
 4 FCPATH\index.php(67): CodeIgniter\CodeIgniter->run()
WARNING - 2023-09-04 08:34:33 --> [DEPRECATED] Creation of dynamic property App\Controllers\DrinkController::$KategoriModel is deprecated in APPPATH\Controllers\DrinkController.php on line 17.
 1 SYSTEMPATH\CodeIgniter.php(904): App\Controllers\DrinkController->__construct()
 2 SYSTEMPATH\CodeIgniter.php(488): CodeIgniter\CodeIgniter->createController()
 3 SYSTEMPATH\CodeIgniter.php(366): CodeIgniter\CodeIgniter->handleRequest(null, Object(Config\Cache), false)
 4 FCPATH\index.php(67): CodeIgniter\CodeIgniter->run()
