WARNING - 2023-09-01 07:00:58 --> [DEPRECATED] Creation of dynamic property App\Controllers\DrinkController::$KategoriModel is deprecated in APPPATH\Controllers\DrinkController.php on line 17.
 1 SYSTEMPATH\CodeIgniter.php(904): App\Controllers\DrinkController->__construct()
 2 SYSTEMPATH\CodeIgniter.php(488): CodeIgniter\CodeIgniter->createController()
 3 SYSTEMPATH\CodeIgniter.php(366): CodeIgniter\CodeIgniter->handleRequest(null, Object(Config\Cache), false)
 4 FCPATH\index.php(67): CodeIgniter\CodeIgniter->run()
WARNING - 2023-09-01 07:01:02 --> [DEPRECATED] Creation of dynamic property App\Controllers\DrinkController::$KategoriModel is deprecated in APPPATH\Controllers\DrinkController.php on line 17.
 1 SYSTEMPATH\CodeIgniter.php(904): App\Controllers\DrinkController->__construct()
 2 SYSTEMPATH\CodeIgniter.php(488): CodeIgniter\CodeIgniter->createController()
 3 SYSTEMPATH\CodeIgniter.php(366): CodeIgniter\CodeIgniter->handleRequest(null, Object(Config\Cache), false)
 4 FCPATH\index.php(67): CodeIgniter\CodeIgniter->run()
WARNING - 2023-09-01 07:01:12 --> [DEPRECATED] Creation of dynamic property App\Controllers\DrinkController::$KategoriModel is deprecated in APPPATH\Controllers\DrinkController.php on line 17.
 1 SYSTEMPATH\CodeIgniter.php(904): App\Controllers\DrinkController->__construct()
 2 SYSTEMPATH\CodeIgniter.php(488): CodeIgniter\CodeIgniter->createController()
 3 SYSTEMPATH\CodeIgniter.php(366): CodeIgniter\CodeIgniter->handleRequest(null, Object(Config\Cache), false)
 4 FCPATH\index.php(67): CodeIgniter\CodeIgniter->run()
WARNING - 2023-09-01 07:01:26 --> [DEPRECATED] Creation of dynamic property App\Controllers\DrinkController::$KategoriModel is deprecated in APPPATH\Controllers\DrinkController.php on line 17.
 1 SYSTEMPATH\CodeIgniter.php(904): App\Controllers\DrinkController->__construct()
 2 SYSTEMPATH\CodeIgniter.php(488): CodeIgniter\CodeIgniter->createController()
 3 SYSTEMPATH\CodeIgniter.php(366): CodeIgniter\CodeIgniter->handleRequest(null, Object(Config\Cache), false)
 4 FCPATH\index.php(67): CodeIgniter\CodeIgniter->run()
WARNING - 2023-09-01 07:01:28 --> [DEPRECATED] Creation of dynamic property App\Controllers\DrinkController::$KategoriModel is deprecated in APPPATH\Controllers\DrinkController.php on line 17.
 1 SYSTEMPATH\CodeIgniter.php(904): App\Controllers\DrinkController->__construct()
 2 SYSTEMPATH\CodeIgniter.php(488): CodeIgniter\CodeIgniter->createController()
 3 SYSTEMPATH\CodeIgniter.php(366): CodeIgniter\CodeIgniter->handleRequest(null, Object(Config\Cache), false)
 4 FCPATH\index.php(67): CodeIgniter\CodeIgniter->run()
