CRITICAL - 2023-08-10 02:47:36 --> syntax error, unexpected token "{"
in APPPATH\Controllers\DashboardController.php on line 8.
 1 SYSTEMPATH\Autoloader\Autoloader.php(289): CodeIgniter\Autoloader\Autoloader->includeFile('C:\\xampp\\htdocs\\restoran\\app\\Controllers\\DashboardController.php')
 2 SYSTEMPATH\Autoloader\Autoloader.php(267): CodeIgniter\Autoloader\Autoloader->loadInNamespace('App\\Controllers\\DashboardController')
 3 [internal function]: CodeIgniter\Autoloader\Autoloader->loadClass('App\\Controllers\\DashboardController')
 4 SYSTEMPATH\CodeIgniter.php(890): class_exists('\\App\\Controllers\\DashboardController', true)
 5 SYSTEMPATH\CodeIgniter.php(484): CodeIgniter\CodeIgniter->startController()
 6 SYSTEMPATH\CodeIgniter.php(366): CodeIgniter\CodeIgniter->handleRequest(null, Object(Config\Cache), false)
 7 FCPATH\index.php(67): CodeIgniter\CodeIgniter->run()
CRITICAL - 2023-08-10 02:48:09 --> Call to undefined method CodeIgniter\View\View::extends()
in APPPATH\Views\dashboard_home.php on line 1.
 1 SYSTEMPATH\View\View.php(224): include()
 2 SYSTEMPATH\View\View.php(227): CodeIgniter\View\View->CodeIgniter\View\{closure}()
 3 SYSTEMPATH\Common.php(1180): CodeIgniter\View\View->render('dashboard_home', [], true)
 4 APPPATH\Controllers\DashboardController.php(14): view('dashboard_home', [...])
 5 SYSTEMPATH\CodeIgniter.php(932): App\Controllers\DashboardController->index()
 6 SYSTEMPATH\CodeIgniter.php(497): CodeIgniter\CodeIgniter->runController(Object(App\Controllers\DashboardController))
 7 SYSTEMPATH\CodeIgniter.php(366): CodeIgniter\CodeIgniter->handleRequest(null, Object(Config\Cache), false)
 8 FCPATH\index.php(67): CodeIgniter\CodeIgniter->run()
CRITICAL - 2023-08-10 04:21:28 --> syntax error, unexpected token "=", expecting variable or "{" or "$"
in APPPATH\Controllers\Heavy_MealController.php on line 67.
 1 SYSTEMPATH\Autoloader\Autoloader.php(289): CodeIgniter\Autoloader\Autoloader->includeFile('C:\\xampp\\htdocs\\restoran\\app\\Controllers\\Heavy_MealController.php')
 2 SYSTEMPATH\Autoloader\Autoloader.php(267): CodeIgniter\Autoloader\Autoloader->loadInNamespace('App\\Controllers\\Heavy_MealController')
 3 [internal function]: CodeIgniter\Autoloader\Autoloader->loadClass('App\\Controllers\\Heavy_MealController')
 4 SYSTEMPATH\CodeIgniter.php(890): class_exists('\\App\\Controllers\\Heavy_MealController', true)
 5 SYSTEMPATH\CodeIgniter.php(484): CodeIgniter\CodeIgniter->startController()
 6 SYSTEMPATH\CodeIgniter.php(366): CodeIgniter\CodeIgniter->handleRequest(null, Object(Config\Cache), false)
 7 FCPATH\index.php(67): CodeIgniter\CodeIgniter->run()
CRITICAL - 2023-08-10 04:21:30 --> syntax error, unexpected token "=", expecting variable or "{" or "$"
in APPPATH\Controllers\Heavy_MealController.php on line 67.
 1 SYSTEMPATH\Autoloader\Autoloader.php(289): CodeIgniter\Autoloader\Autoloader->includeFile('C:\\xampp\\htdocs\\restoran\\app\\Controllers\\Heavy_MealController.php')
 2 SYSTEMPATH\Autoloader\Autoloader.php(267): CodeIgniter\Autoloader\Autoloader->loadInNamespace('App\\Controllers\\Heavy_MealController')
 3 [internal function]: CodeIgniter\Autoloader\Autoloader->loadClass('App\\Controllers\\Heavy_MealController')
 4 SYSTEMPATH\CodeIgniter.php(890): class_exists('\\App\\Controllers\\Heavy_MealController', true)
 5 SYSTEMPATH\CodeIgniter.php(484): CodeIgniter\CodeIgniter->startController()
 6 SYSTEMPATH\CodeIgniter.php(366): CodeIgniter\CodeIgniter->handleRequest(null, Object(Config\Cache), false)
 7 FCPATH\index.php(67): CodeIgniter\CodeIgniter->run()
CRITICAL - 2023-08-10 06:24:16 --> Undefined variable $page_title
in APPPATH\Views\heavy_meal\edit.php on line 11.
 1 APPPATH\Views\heavy_meal\edit.php(11): CodeIgniter\Debug\Exceptions->errorHandler(2, 'Undefined variable $page_title', 'C:\\xampp\\htdocs\\restoran\\app\\Views\\heavy_meal\\edit.php', 11)
 2 SYSTEMPATH\View\View.php(224): include('C:\\xampp\\htdocs\\restoran\\app\\Views\\heavy_meal\\edit.php')
 3 SYSTEMPATH\View\View.php(227): CodeIgniter\View\View->CodeIgniter\View\{closure}()
 4 SYSTEMPATH\Common.php(1180): CodeIgniter\View\View->render('heavy_meal/edit', [], true)
 5 APPPATH\Controllers\Heavy_MealController.php(61): view('heavy_meal/edit', [...])
 6 SYSTEMPATH\CodeIgniter.php(932): App\Controllers\Heavy_MealController->edit('2')
 7 SYSTEMPATH\CodeIgniter.php(497): CodeIgniter\CodeIgniter->runController(Object(App\Controllers\Heavy_MealController))
 8 SYSTEMPATH\CodeIgniter.php(366): CodeIgniter\CodeIgniter->handleRequest(null, Object(Config\Cache), false)
 9 FCPATH\index.php(67): CodeIgniter\CodeIgniter->run()
CRITICAL - 2023-08-10 06:25:29 --> Undefined variable $page_title
in APPPATH\Views\heavy_meal\edit.php on line 11.
 1 APPPATH\Views\heavy_meal\edit.php(11): CodeIgniter\Debug\Exceptions->errorHandler(2, 'Undefined variable $page_title', 'C:\\xampp\\htdocs\\restoran\\app\\Views\\heavy_meal\\edit.php', 11)
 2 SYSTEMPATH\View\View.php(224): include('C:\\xampp\\htdocs\\restoran\\app\\Views\\heavy_meal\\edit.php')
 3 SYSTEMPATH\View\View.php(227): CodeIgniter\View\View->CodeIgniter\View\{closure}()
 4 SYSTEMPATH\Common.php(1180): CodeIgniter\View\View->render('heavy_meal/edit', [], true)
 5 APPPATH\Controllers\Heavy_MealController.php(61): view('heavy_meal/edit', [...])
 6 SYSTEMPATH\CodeIgniter.php(932): App\Controllers\Heavy_MealController->edit('2')
 7 SYSTEMPATH\CodeIgniter.php(497): CodeIgniter\CodeIgniter->runController(Object(App\Controllers\Heavy_MealController))
 8 SYSTEMPATH\CodeIgniter.php(366): CodeIgniter\CodeIgniter->handleRequest(null, Object(Config\Cache), false)
 9 FCPATH\index.php(67): CodeIgniter\CodeIgniter->run()
CRITICAL - 2023-08-10 06:25:29 --> Undefined variable $page_title
in APPPATH\Views\heavy_meal\edit.php on line 11.
 1 APPPATH\Views\heavy_meal\edit.php(11): CodeIgniter\Debug\Exceptions->errorHandler(2, 'Undefined variable $page_title', 'C:\\xampp\\htdocs\\restoran\\app\\Views\\heavy_meal\\edit.php', 11)
 2 SYSTEMPATH\View\View.php(224): include('C:\\xampp\\htdocs\\restoran\\app\\Views\\heavy_meal\\edit.php')
 3 SYSTEMPATH\View\View.php(227): CodeIgniter\View\View->CodeIgniter\View\{closure}()
 4 SYSTEMPATH\Common.php(1180): CodeIgniter\View\View->render('heavy_meal/edit', [], true)
 5 APPPATH\Controllers\Heavy_MealController.php(61): view('heavy_meal/edit', [...])
 6 SYSTEMPATH\CodeIgniter.php(932): App\Controllers\Heavy_MealController->edit('2')
 7 SYSTEMPATH\CodeIgniter.php(497): CodeIgniter\CodeIgniter->runController(Object(App\Controllers\Heavy_MealController))
 8 SYSTEMPATH\CodeIgniter.php(366): CodeIgniter\CodeIgniter->handleRequest(null, Object(Config\Cache), false)
 9 FCPATH\index.php(67): CodeIgniter\CodeIgniter->run()
CRITICAL - 2023-08-10 06:25:29 --> Undefined variable $page_title
in APPPATH\Views\heavy_meal\edit.php on line 11.
 1 APPPATH\Views\heavy_meal\edit.php(11): CodeIgniter\Debug\Exceptions->errorHandler(2, 'Undefined variable $page_title', 'C:\\xampp\\htdocs\\restoran\\app\\Views\\heavy_meal\\edit.php', 11)
 2 SYSTEMPATH\View\View.php(224): include('C:\\xampp\\htdocs\\restoran\\app\\Views\\heavy_meal\\edit.php')
 3 SYSTEMPATH\View\View.php(227): CodeIgniter\View\View->CodeIgniter\View\{closure}()
 4 SYSTEMPATH\Common.php(1180): CodeIgniter\View\View->render('heavy_meal/edit', [], true)
 5 APPPATH\Controllers\Heavy_MealController.php(61): view('heavy_meal/edit', [...])
 6 SYSTEMPATH\CodeIgniter.php(932): App\Controllers\Heavy_MealController->edit('2')
 7 SYSTEMPATH\CodeIgniter.php(497): CodeIgniter\CodeIgniter->runController(Object(App\Controllers\Heavy_MealController))
 8 SYSTEMPATH\CodeIgniter.php(366): CodeIgniter\CodeIgniter->handleRequest(null, Object(Config\Cache), false)
 9 FCPATH\index.php(67): CodeIgniter\CodeIgniter->run()
CRITICAL - 2023-08-10 06:25:30 --> Undefined variable $page_title
in APPPATH\Views\heavy_meal\edit.php on line 11.
 1 APPPATH\Views\heavy_meal\edit.php(11): CodeIgniter\Debug\Exceptions->errorHandler(2, 'Undefined variable $page_title', 'C:\\xampp\\htdocs\\restoran\\app\\Views\\heavy_meal\\edit.php', 11)
 2 SYSTEMPATH\View\View.php(224): include('C:\\xampp\\htdocs\\restoran\\app\\Views\\heavy_meal\\edit.php')
 3 SYSTEMPATH\View\View.php(227): CodeIgniter\View\View->CodeIgniter\View\{closure}()
 4 SYSTEMPATH\Common.php(1180): CodeIgniter\View\View->render('heavy_meal/edit', [], true)
 5 APPPATH\Controllers\Heavy_MealController.php(61): view('heavy_meal/edit', [...])
 6 SYSTEMPATH\CodeIgniter.php(932): App\Controllers\Heavy_MealController->edit('2')
 7 SYSTEMPATH\CodeIgniter.php(497): CodeIgniter\CodeIgniter->runController(Object(App\Controllers\Heavy_MealController))
 8 SYSTEMPATH\CodeIgniter.php(366): CodeIgniter\CodeIgniter->handleRequest(null, Object(Config\Cache), false)
 9 FCPATH\index.php(67): CodeIgniter\CodeIgniter->run()
CRITICAL - 2023-08-10 06:25:30 --> Undefined variable $page_title
in APPPATH\Views\heavy_meal\edit.php on line 11.
 1 APPPATH\Views\heavy_meal\edit.php(11): CodeIgniter\Debug\Exceptions->errorHandler(2, 'Undefined variable $page_title', 'C:\\xampp\\htdocs\\restoran\\app\\Views\\heavy_meal\\edit.php', 11)
 2 SYSTEMPATH\View\View.php(224): include('C:\\xampp\\htdocs\\restoran\\app\\Views\\heavy_meal\\edit.php')
 3 SYSTEMPATH\View\View.php(227): CodeIgniter\View\View->CodeIgniter\View\{closure}()
 4 SYSTEMPATH\Common.php(1180): CodeIgniter\View\View->render('heavy_meal/edit', [], true)
 5 APPPATH\Controllers\Heavy_MealController.php(61): view('heavy_meal/edit', [...])
 6 SYSTEMPATH\CodeIgniter.php(932): App\Controllers\Heavy_MealController->edit('2')
 7 SYSTEMPATH\CodeIgniter.php(497): CodeIgniter\CodeIgniter->runController(Object(App\Controllers\Heavy_MealController))
 8 SYSTEMPATH\CodeIgniter.php(366): CodeIgniter\CodeIgniter->handleRequest(null, Object(Config\Cache), false)
 9 FCPATH\index.php(67): CodeIgniter\CodeIgniter->run()
CRITICAL - 2023-08-10 06:25:51 --> Undefined variable $page_title
in APPPATH\Views\heavy_meal\edit.php on line 11.
 1 APPPATH\Views\heavy_meal\edit.php(11): CodeIgniter\Debug\Exceptions->errorHandler(2, 'Undefined variable $page_title', 'C:\\xampp\\htdocs\\restoran\\app\\Views\\heavy_meal\\edit.php', 11)
 2 SYSTEMPATH\View\View.php(224): include('C:\\xampp\\htdocs\\restoran\\app\\Views\\heavy_meal\\edit.php')
 3 SYSTEMPATH\View\View.php(227): CodeIgniter\View\View->CodeIgniter\View\{closure}()
 4 SYSTEMPATH\Common.php(1180): CodeIgniter\View\View->render('heavy_meal/edit', [], true)
 5 APPPATH\Controllers\Heavy_MealController.php(61): view('heavy_meal/edit', [...])
 6 SYSTEMPATH\CodeIgniter.php(932): App\Controllers\Heavy_MealController->edit('2')
 7 SYSTEMPATH\CodeIgniter.php(497): CodeIgniter\CodeIgniter->runController(Object(App\Controllers\Heavy_MealController))
 8 SYSTEMPATH\CodeIgniter.php(366): CodeIgniter\CodeIgniter->handleRequest(null, Object(Config\Cache), false)
 9 FCPATH\index.php(67): CodeIgniter\CodeIgniter->run()
CRITICAL - 2023-08-10 06:26:02 --> Undefined variable $page_title
in APPPATH\Views\heavy_meal\edit.php on line 11.
 1 APPPATH\Views\heavy_meal\edit.php(11): CodeIgniter\Debug\Exceptions->errorHandler(2, 'Undefined variable $page_title', 'C:\\xampp\\htdocs\\restoran\\app\\Views\\heavy_meal\\edit.php', 11)
 2 SYSTEMPATH\View\View.php(224): include('C:\\xampp\\htdocs\\restoran\\app\\Views\\heavy_meal\\edit.php')
 3 SYSTEMPATH\View\View.php(227): CodeIgniter\View\View->CodeIgniter\View\{closure}()
 4 SYSTEMPATH\Common.php(1180): CodeIgniter\View\View->render('heavy_meal/edit', [], true)
 5 APPPATH\Controllers\Heavy_MealController.php(61): view('heavy_meal/edit', [...])
 6 SYSTEMPATH\CodeIgniter.php(932): App\Controllers\Heavy_MealController->edit('2')
 7 SYSTEMPATH\CodeIgniter.php(497): CodeIgniter\CodeIgniter->runController(Object(App\Controllers\Heavy_MealController))
 8 SYSTEMPATH\CodeIgniter.php(366): CodeIgniter\CodeIgniter->handleRequest(null, Object(Config\Cache), false)
 9 FCPATH\index.php(67): CodeIgniter\CodeIgniter->run()
CRITICAL - 2023-08-10 06:47:06 --> Undefined variable $page_title
in APPPATH\Views\heavy_meal\edit.php on line 11.
 1 APPPATH\Views\heavy_meal\edit.php(11): CodeIgniter\Debug\Exceptions->errorHandler(2, 'Undefined variable $page_title', 'C:\\xampp\\htdocs\\restoran\\app\\Views\\heavy_meal\\edit.php', 11)
 2 SYSTEMPATH\View\View.php(224): include('C:\\xampp\\htdocs\\restoran\\app\\Views\\heavy_meal\\edit.php')
 3 SYSTEMPATH\View\View.php(227): CodeIgniter\View\View->CodeIgniter\View\{closure}()
 4 SYSTEMPATH\Common.php(1180): CodeIgniter\View\View->render('heavy_meal/edit', [], true)
 5 APPPATH\Controllers\Heavy_MealController.php(61): view('heavy_meal/edit', [...])
 6 SYSTEMPATH\CodeIgniter.php(932): App\Controllers\Heavy_MealController->edit('2')
 7 SYSTEMPATH\CodeIgniter.php(497): CodeIgniter\CodeIgniter->runController(Object(App\Controllers\Heavy_MealController))
 8 SYSTEMPATH\CodeIgniter.php(366): CodeIgniter\CodeIgniter->handleRequest(null, Object(Config\Cache), false)
 9 FCPATH\index.php(67): CodeIgniter\CodeIgniter->run()
CRITICAL - 2023-08-10 06:50:23 --> Undefined variable $page_title
in APPPATH\Views\heavy_meal\edit.php on line 11.
 1 APPPATH\Views\heavy_meal\edit.php(11): CodeIgniter\Debug\Exceptions->errorHandler(2, 'Undefined variable $page_title', 'C:\\xampp\\htdocs\\restoran\\app\\Views\\heavy_meal\\edit.php', 11)
 2 SYSTEMPATH\View\View.php(224): include('C:\\xampp\\htdocs\\restoran\\app\\Views\\heavy_meal\\edit.php')
 3 SYSTEMPATH\View\View.php(227): CodeIgniter\View\View->CodeIgniter\View\{closure}()
 4 SYSTEMPATH\Common.php(1180): CodeIgniter\View\View->render('heavy_meal/edit', [], true)
 5 APPPATH\Controllers\Heavy_MealController.php(61): view('heavy_meal/edit', [...])
 6 SYSTEMPATH\CodeIgniter.php(932): App\Controllers\Heavy_MealController->edit('2')
 7 SYSTEMPATH\CodeIgniter.php(497): CodeIgniter\CodeIgniter->runController(Object(App\Controllers\Heavy_MealController))
 8 SYSTEMPATH\CodeIgniter.php(366): CodeIgniter\CodeIgniter->handleRequest(null, Object(Config\Cache), false)
 9 FCPATH\index.php(67): CodeIgniter\CodeIgniter->run()
CRITICAL - 2023-08-10 06:50:24 --> Undefined variable $page_title
in APPPATH\Views\heavy_meal\edit.php on line 11.
 1 APPPATH\Views\heavy_meal\edit.php(11): CodeIgniter\Debug\Exceptions->errorHandler(2, 'Undefined variable $page_title', 'C:\\xampp\\htdocs\\restoran\\app\\Views\\heavy_meal\\edit.php', 11)
 2 SYSTEMPATH\View\View.php(224): include('C:\\xampp\\htdocs\\restoran\\app\\Views\\heavy_meal\\edit.php')
 3 SYSTEMPATH\View\View.php(227): CodeIgniter\View\View->CodeIgniter\View\{closure}()
 4 SYSTEMPATH\Common.php(1180): CodeIgniter\View\View->render('heavy_meal/edit', [], true)
 5 APPPATH\Controllers\Heavy_MealController.php(61): view('heavy_meal/edit', [...])
 6 SYSTEMPATH\CodeIgniter.php(932): App\Controllers\Heavy_MealController->edit('2')
 7 SYSTEMPATH\CodeIgniter.php(497): CodeIgniter\CodeIgniter->runController(Object(App\Controllers\Heavy_MealController))
 8 SYSTEMPATH\CodeIgniter.php(366): CodeIgniter\CodeIgniter->handleRequest(null, Object(Config\Cache), false)
 9 FCPATH\index.php(67): CodeIgniter\CodeIgniter->run()
CRITICAL - 2023-08-10 06:50:24 --> Undefined variable $page_title
in APPPATH\Views\heavy_meal\edit.php on line 11.
 1 APPPATH\Views\heavy_meal\edit.php(11): CodeIgniter\Debug\Exceptions->errorHandler(2, 'Undefined variable $page_title', 'C:\\xampp\\htdocs\\restoran\\app\\Views\\heavy_meal\\edit.php', 11)
 2 SYSTEMPATH\View\View.php(224): include('C:\\xampp\\htdocs\\restoran\\app\\Views\\heavy_meal\\edit.php')
 3 SYSTEMPATH\View\View.php(227): CodeIgniter\View\View->CodeIgniter\View\{closure}()
 4 SYSTEMPATH\Common.php(1180): CodeIgniter\View\View->render('heavy_meal/edit', [], true)
 5 APPPATH\Controllers\Heavy_MealController.php(61): view('heavy_meal/edit', [...])
 6 SYSTEMPATH\CodeIgniter.php(932): App\Controllers\Heavy_MealController->edit('2')
 7 SYSTEMPATH\CodeIgniter.php(497): CodeIgniter\CodeIgniter->runController(Object(App\Controllers\Heavy_MealController))
 8 SYSTEMPATH\CodeIgniter.php(366): CodeIgniter\CodeIgniter->handleRequest(null, Object(Config\Cache), false)
 9 FCPATH\index.php(67): CodeIgniter\CodeIgniter->run()
CRITICAL - 2023-08-10 06:50:24 --> Undefined variable $page_title
in APPPATH\Views\heavy_meal\edit.php on line 11.
 1 APPPATH\Views\heavy_meal\edit.php(11): CodeIgniter\Debug\Exceptions->errorHandler(2, 'Undefined variable $page_title', 'C:\\xampp\\htdocs\\restoran\\app\\Views\\heavy_meal\\edit.php', 11)
 2 SYSTEMPATH\View\View.php(224): include('C:\\xampp\\htdocs\\restoran\\app\\Views\\heavy_meal\\edit.php')
 3 SYSTEMPATH\View\View.php(227): CodeIgniter\View\View->CodeIgniter\View\{closure}()
 4 SYSTEMPATH\Common.php(1180): CodeIgniter\View\View->render('heavy_meal/edit', [], true)
 5 APPPATH\Controllers\Heavy_MealController.php(61): view('heavy_meal/edit', [...])
 6 SYSTEMPATH\CodeIgniter.php(932): App\Controllers\Heavy_MealController->edit('2')
 7 SYSTEMPATH\CodeIgniter.php(497): CodeIgniter\CodeIgniter->runController(Object(App\Controllers\Heavy_MealController))
 8 SYSTEMPATH\CodeIgniter.php(366): CodeIgniter\CodeIgniter->handleRequest(null, Object(Config\Cache), false)
 9 FCPATH\index.php(67): CodeIgniter\CodeIgniter->run()
CRITICAL - 2023-08-10 06:50:50 --> Undefined variable $heavy_meal
in APPPATH\Views\heavy_meal\edit.php on line 27.
 1 APPPATH\Views\heavy_meal\edit.php(27): CodeIgniter\Debug\Exceptions->errorHandler(2, 'Undefined variable $heavy_meal', 'C:\\xampp\\htdocs\\restoran\\app\\Views\\heavy_meal\\edit.php', 27)
 2 SYSTEMPATH\View\View.php(224): include('C:\\xampp\\htdocs\\restoran\\app\\Views\\heavy_meal\\edit.php')
 3 SYSTEMPATH\View\View.php(227): CodeIgniter\View\View->CodeIgniter\View\{closure}()
 4 SYSTEMPATH\Common.php(1180): CodeIgniter\View\View->render('heavy_meal/edit', [], true)
 5 APPPATH\Controllers\Heavy_MealController.php(61): view('heavy_meal/edit', [...])
 6 SYSTEMPATH\CodeIgniter.php(932): App\Controllers\Heavy_MealController->edit('2')
 7 SYSTEMPATH\CodeIgniter.php(497): CodeIgniter\CodeIgniter->runController(Object(App\Controllers\Heavy_MealController))
 8 SYSTEMPATH\CodeIgniter.php(366): CodeIgniter\CodeIgniter->handleRequest(null, Object(Config\Cache), false)
 9 FCPATH\index.php(67): CodeIgniter\CodeIgniter->run()
CRITICAL - 2023-08-10 06:51:32 --> Undefined variable $page_ptitle
in APPPATH\Views\heavy_meal\index.php on line 11.
 1 APPPATH\Views\heavy_meal\index.php(11): CodeIgniter\Debug\Exceptions->errorHandler(2, 'Undefined variable $page_ptitle', 'C:\\xampp\\htdocs\\restoran\\app\\Views\\heavy_meal\\index.php', 11)
 2 SYSTEMPATH\View\View.php(224): include('C:\\xampp\\htdocs\\restoran\\app\\Views\\heavy_meal\\index.php')
 3 SYSTEMPATH\View\View.php(227): CodeIgniter\View\View->CodeIgniter\View\{closure}()
 4 SYSTEMPATH\Common.php(1180): CodeIgniter\View\View->render('heavy_meal/index', [], true)
 5 APPPATH\Controllers\Heavy_MealController.php(25): view('heavy_meal/index', [...])
 6 SYSTEMPATH\CodeIgniter.php(932): App\Controllers\Heavy_MealController->index()
 7 SYSTEMPATH\CodeIgniter.php(497): CodeIgniter\CodeIgniter->runController(Object(App\Controllers\Heavy_MealController))
 8 SYSTEMPATH\CodeIgniter.php(366): CodeIgniter\CodeIgniter->handleRequest(null, Object(Config\Cache), false)
 9 FCPATH\index.php(67): CodeIgniter\CodeIgniter->run()
CRITICAL - 2023-08-10 06:52:35 --> Undefined variable $page_title
in APPPATH\Views\heavy_meal\index.php on line 11.
 1 APPPATH\Views\heavy_meal\index.php(11): CodeIgniter\Debug\Exceptions->errorHandler(2, 'Undefined variable $page_title', 'C:\\xampp\\htdocs\\restoran\\app\\Views\\heavy_meal\\index.php', 11)
 2 SYSTEMPATH\View\View.php(224): include('C:\\xampp\\htdocs\\restoran\\app\\Views\\heavy_meal\\index.php')
 3 SYSTEMPATH\View\View.php(227): CodeIgniter\View\View->CodeIgniter\View\{closure}()
 4 SYSTEMPATH\Common.php(1180): CodeIgniter\View\View->render('heavy_meal/index', [], true)
 5 APPPATH\Controllers\Heavy_MealController.php(25): view('heavy_meal/index', [...])
 6 SYSTEMPATH\CodeIgniter.php(932): App\Controllers\Heavy_MealController->index()
 7 SYSTEMPATH\CodeIgniter.php(497): CodeIgniter\CodeIgniter->runController(Object(App\Controllers\Heavy_MealController))
 8 SYSTEMPATH\CodeIgniter.php(366): CodeIgniter\CodeIgniter->handleRequest(null, Object(Config\Cache), false)
 9 FCPATH\index.php(67): CodeIgniter\CodeIgniter->run()
CRITICAL - 2023-08-10 06:53:56 --> Undefined variable $page_title
in APPPATH\Views\heavy_meal\edit.php on line 11.
 1 APPPATH\Views\heavy_meal\edit.php(11): CodeIgniter\Debug\Exceptions->errorHandler(2, 'Undefined variable $page_title', 'C:\\xampp\\htdocs\\restoran\\app\\Views\\heavy_meal\\edit.php', 11)
 2 SYSTEMPATH\View\View.php(224): include('C:\\xampp\\htdocs\\restoran\\app\\Views\\heavy_meal\\edit.php')
 3 SYSTEMPATH\View\View.php(227): CodeIgniter\View\View->CodeIgniter\View\{closure}()
 4 SYSTEMPATH\Common.php(1180): CodeIgniter\View\View->render('heavy_meal/edit', [], true)
 5 APPPATH\Controllers\Heavy_MealController.php(61): view('heavy_meal/edit', [...])
 6 SYSTEMPATH\CodeIgniter.php(932): App\Controllers\Heavy_MealController->edit('2')
 7 SYSTEMPATH\CodeIgniter.php(497): CodeIgniter\CodeIgniter->runController(Object(App\Controllers\Heavy_MealController))
 8 SYSTEMPATH\CodeIgniter.php(366): CodeIgniter\CodeIgniter->handleRequest(null, Object(Config\Cache), false)
 9 FCPATH\index.php(67): CodeIgniter\CodeIgniter->run()
CRITICAL - 2023-08-10 06:56:51 --> Undefined variable $heavy_meal
in APPPATH\Views\heavy_meal\edit.php on line 28.
 1 APPPATH\Views\heavy_meal\edit.php(28): CodeIgniter\Debug\Exceptions->errorHandler(2, 'Undefined variable $heavy_meal', 'C:\\xampp\\htdocs\\restoran\\app\\Views\\heavy_meal\\edit.php', 28)
 2 SYSTEMPATH\View\View.php(224): include('C:\\xampp\\htdocs\\restoran\\app\\Views\\heavy_meal\\edit.php')
 3 SYSTEMPATH\View\View.php(227): CodeIgniter\View\View->CodeIgniter\View\{closure}()
 4 SYSTEMPATH\Common.php(1180): CodeIgniter\View\View->render('heavy_meal/edit', [], true)
 5 APPPATH\Controllers\Heavy_MealController.php(61): view('heavy_meal/edit', [...])
 6 SYSTEMPATH\CodeIgniter.php(932): App\Controllers\Heavy_MealController->edit('2')
 7 SYSTEMPATH\CodeIgniter.php(497): CodeIgniter\CodeIgniter->runController(Object(App\Controllers\Heavy_MealController))
 8 SYSTEMPATH\CodeIgniter.php(366): CodeIgniter\CodeIgniter->handleRequest(null, Object(Config\Cache), false)
 9 FCPATH\index.php(67): CodeIgniter\CodeIgniter->run()
